0 info it worked if it ends with ok
1 verbose cli [ 'node', '/usr/local/bin/ynpm', 'install', 'node-sass', '--save' ]
2 silly now Wed Aug 19 2015 20:45:03 GMT-0700 (PDT)
3 silly hostname degreeand-lm
4 silly platform darwin
5 silly arch x64
6 silly release 14.4.0
7 silly node { http_parser: '2.3',
7 silly node   node: '0.12.2',
7 silly node   v8: '3.28.73',
7 silly node   uv: '1.4.2-node1',
7 silly node   zlib: '1.2.8',
7 silly node   modules: '14',
7 silly node   openssl: '1.0.1m',
7 silly node   ynpm: '3.1.2',
7 silly node   npm: '2.11.1' }
8 info using ynpm@3.1.2
9 info using npm@2.11.1
10 info using node@v0.12.2
11 silly conf { save: true,
11 silly conf   argv:
11 silly conf    { remain: [ 'install', 'node-sass' ],
11 silly conf      cooked: [ 'install', 'node-sass', '--save' ],
11 silly conf      original: [ 'install', 'node-sass', '--save' ] } }
12 silly argv undefined
13 verbose node symlink /usr/local/bin/node
14 silly looking for command:  install
15 silly found proxy command for install
16 silly looking for command:  install
17 silly found proxy command for install
18 verbose install initial load of /Users/kaizhi/Projects/invision/package.json
19 warn package.json simplysocial@1.0.0 No repository field.
20 verbose installManyTop reading scoped package data from /Users/kaizhi/Projects/invision/node_modules/express/package.json
21 verbose installManyTop reading scoped package data from /Users/kaizhi/Projects/invision/node_modules/express-handlebars/package.json
22 verbose installManyTop reading scoped package data from /Users/kaizhi/Projects/invision/node_modules/gulp/package.json
23 verbose installManyTop reading scoped package data from /Users/kaizhi/Projects/invision/node_modules/gulp-autoprefixer/package.json
24 verbose installManyTop reading scoped package data from /Users/kaizhi/Projects/invision/node_modules/gulp-plumber/package.json
25 verbose installManyTop reading scoped package data from /Users/kaizhi/Projects/invision/node_modules/gulp-sass/package.json
26 verbose installManyTop reading scoped package data from /Users/kaizhi/Projects/invision/node_modules/path/package.json
27 info package.json express-handlebars@1.2.2 No license field.
28 info package.json gulp-plumber@0.6.6 No license field.
29 info package.json path@0.11.14 path is also the name of a node core module.
30 verbose readDependencies loading dependencies from /Users/kaizhi/Projects/invision/package.json
31 silly cache add args [ 'node-sass', null ]
32 verbose cache add spec node-sass
33 silly cache add parsed spec { raw: 'node-sass',
33 silly cache add   scope: null,
33 silly cache add   name: 'node-sass',
33 silly cache add   rawSpec: '',
33 silly cache add   spec: '*',
33 silly cache add   type: 'range' }
34 silly addNamed node-sass@*
35 verbose addNamed "*" is a valid semver range for node-sass
36 silly addNameRange { name: 'node-sass', range: '*', hasData: false }
37 silly mapToRegistry name node-sass
38 silly mapToRegistry using default registry
39 silly mapToRegistry registry http://ynpm-registry.corp.yahoo.com/
40 silly mapToRegistry uri http://ynpm-registry.corp.yahoo.com/node-sass
41 verbose addNameRange registry:http://ynpm-registry.corp.yahoo.com/node-sass not in flight; fetching
42 info attempt registry request try #1 at 8:45:04 PM
43 http GET http://ynpm-registry.corp.yahoo.com/node-sass
44 info retry will retry, error on last attempt: Error: connect ETIMEDOUT
45 info attempt registry request try #2 at 8:46:29 PM
46 http GET http://ynpm-registry.corp.yahoo.com/node-sass
47 info retry will retry, error on last attempt: Error: connect ETIMEDOUT
48 info attempt registry request try #3 at 8:48:46 PM
49 http GET http://ynpm-registry.corp.yahoo.com/node-sass
50 info command completed in: 4 minutes, 58 seconds
51 info Fixing package.json /Users/kaizhi/Projects/invision/package.json
52 verbose stack Error: connect ETIMEDOUT
52 verbose stack     at exports._errnoException (util.js:746:11)
52 verbose stack     at TCPConnectWrap.afterConnect [as oncomplete] (net.js:1000:19)
53 verbose cwd /Users/kaizhi/Projects/invision
54 error Darwin 14.4.0
55 error argv "node" "/usr/local/bin/ynpm" "install" "node-sass" "--save"
56 error node v0.12.2
57 error npm -v 2.11.1
58 error ynpm -v 3.1.2
59 error code ETIMEDOUT
60 error errno ETIMEDOUT
61 error syscall connect
62 error network connect ETIMEDOUT
62 error network This is most likely not a problem with npm itself
62 error network and is related to network connectivity.
62 error network In most cases you are behind a proxy or have bad network settings.
62 error network
62 error network If you are behind a proxy, please make sure that the
62 error network 'proxy' config is set properly.  See: 'ynpm help config'
63 verbose exit [ 1, true ]
